<?xml version="1.0" encoding="UTF-8"?>
<!-- Generated by org.testng.reporters.JUnitReportReporter -->
<testsuite hostname="DESKTOP-D0QCN09" failures="0" tests="1" name="CRUDOperationWithBDD.CreatePetUser" time="4.006" errors="0" timestamp="2023-06-06T04:18:58 IST" skipped="0">
  <testcase classname="CRUDOperationWithBDD.CreatePetUser" name="addPetUser" time="4.006"/>
  <system-out/>
</testsuite> <!-- CRUDOperationWithBDD.CreatePetUser -->
