<?xml version="1.0" encoding="UTF-8"?>
<!-- Generated by org.testng.reporters.JUnitReportReporter -->
<testsuite hostname="DESKTOP-D0QCN09" failures="0" tests="1" name="CRUDOperationWithBDD.DeletePetUser" time="3.687" errors="0" timestamp="2023-06-06T17:09:41 IST" skipped="0">
  <testcase classname="CRUDOperationWithBDD.DeletePetUser" name="deletePetUser" time="3.687"/>
  <system-out/>
</testsuite> <!-- CRUDOperationWithBDD.DeletePetUser -->
