<?xml version="1.0" encoding="UTF-8"?>
<!-- Generated by org.testng.reporters.JUnitReportReporter -->
<testsuite hostname="DESKTOP-D0QCN09" failures="0" tests="1" name="CRUDOperationWithBDD.UpdatePetUser" time="4.491" errors="0" timestamp="2023-06-06T01:11:30 IST" skipped="0">
  <testcase classname="CRUDOperationWithBDD.UpdatePetUser" name="updatePetUser" time="4.491"/>
  <system-out/>
</testsuite> <!-- CRUDOperationWithBDD.UpdatePetUser -->
