<?xml version="1.0" encoding="UTF-8"?>
<!-- Generated by org.testng.reporters.JUnitReportReporter -->
<testsuite hostname="DESKTOP-D0QCN09" failures="0" tests="1" name="CRUDOperationWithBDD.CreatePet" time="5.375" errors="0" timestamp="2023-06-06T00:45:15 IST" skipped="0">
  <testcase classname="CRUDOperationWithBDD.CreatePet" name="addPet" time="5.375"/>
  <system-out/>
</testsuite> <!-- CRUDOperationWithBDD.CreatePet -->
