<?xml version="1.0" encoding="UTF-8"?>
<!-- Generated by org.testng.reporters.JUnitReportReporter -->
<testsuite hostname="DESKTOP-D0QCN09" failures="0" tests="4" name="api.test.UserTests" time="12.556" errors="0" timestamp="2023-06-07T12:50:34 IST" skipped="0">
  <testcase classname="api.test.UserTests" name="testPostUser" time="4.318"/>
  <system-out/>
  <testcase classname="api.test.UserTests" name="testGetUserByName" time="2.632"/>
  <system-out/>
  <testcase classname="api.test.UserTests" name="testUpdateUserByName" time="3.969"/>
  <system-out/>
  <testcase classname="api.test.UserTests" name="testDeleteUserByName" time="1.637"/>
  <system-out/>
</testsuite> <!-- api.test.UserTests -->
