<?xml version="1.0" encoding="UTF-8"?>
<!-- Generated by org.testng.reporters.JUnitReportReporter -->
<testsuite hostname="DESKTOP-D0QCN09" failures="0" tests="4" name="api.test.UserTests" time="9.707" errors="0" timestamp="2023-06-06T12:07:05 IST" skipped="0">
  <testcase classname="api.test.UserTests" name="testPostUser" time="3.593"/>
  <system-out/>
  <testcase classname="api.test.UserTests" name="testGetUserByName" time="1.456"/>
  <system-out/>
  <testcase classname="api.test.UserTests" name="testUpdateUserByName" time="3.179"/>
  <system-out/>
  <testcase classname="api.test.UserTests" name="testDeleteUserByName" time="1.479"/>
  <system-out/>
</testsuite> <!-- api.test.UserTests -->
